This is pdfTeX, Version 3.14159265-2.6-1.40.21 (MiKTeX 2.9.7440 64-bit) (preloaded format=pdflatex 2020.6.4)  5 JAN 2023 17:30
entering extended mode
**./main.reuse.tex
(main.reuse.tex
LaTeX2e <2020-02-02> patch level 5
L3 programming layer <2020-05-15> (core.style.tex
("C:\Users\apolyvyanyy\AppData\Local\Programs\MiKTeX 2.9\tex/latex/base\article
.cls"
Document Class: article 2019/12/20 v1.4l Standard LaTeX document class

("C:\Users\apolyvyanyy\AppData\Local\Programs\MiKTeX 2.9\tex/latex/base\size10.
clo"
File: size10.clo 2019/12/20 v1.4l Standard LaTeX file (size option)
)
\c@part=\count167
\c@section=\count168
\c@subsection=\count169
\c@subsubsection=\count170
\c@paragraph=\count171
\c@subparagraph=\count172
\c@figure=\count173
\c@table=\count174
\abovecaptionskip=\skip47
\belowcaptionskip=\skip48
\bibindent=\dimen134
)
("C:\Users\apolyvyanyy\AppData\Local\Programs\MiKTeX 2.9\tex/latex/draftwaterma
rk\draftwatermark.sty"
Package: draftwatermark 2020/05/11 2.1 Put a gray textual watermark on document
 pages

("C:\Users\apolyvyanyy\AppData\Local\Programs\MiKTeX 2.9\tex/latex/kvoptions\kv
options.sty"
Package: kvoptions 2019/11/29 v3.13 Key value format for package options (HO)

("C:\Users\apolyvyanyy\AppData\Local\Programs\MiKTeX 2.9\tex/latex/graphics\key
val.sty"
Package: keyval 2014/10/28 v1.15 key=value parser (DPC)
\KV@toks@=\toks15
)
("C:\Users\apolyvyanyy\AppData\Local\Programs\MiKTeX 2.9\tex/generic/ltxcmds\lt
xcmds.sty"
Package: ltxcmds 2019/12/15 v1.24 LaTeX kernel commands for general use (HO)
)
("C:\Users\apolyvyanyy\AppData\Local\Programs\MiKTeX 2.9\tex/generic/kvsetkeys\
kvsetkeys.sty"
Package: kvsetkeys 2019/12/15 v1.18 Key value parser (HO)
))
("C:\Users\apolyvyanyy\AppData\Local\Programs\MiKTeX 2.9\tex/latex/everypage\ev
erypage.sty"
Package: everypage 2007/06/20 1.1 Hooks to run on every page
)
("C:\Users\apolyvyanyy\AppData\Local\Programs\MiKTeX 2.9\tex/latex/graphics\gra
phicx.sty"
Package: graphicx 2019/11/30 v1.2a Enhanced LaTeX Graphics (DPC,SPQR)

("C:\Users\apolyvyanyy\AppData\Local\Programs\MiKTeX 2.9\tex/latex/graphics\gra
phics.sty"
Package: graphics 2019/11/30 v1.4a Standard LaTeX Graphics (DPC,SPQR)

("C:\Users\apolyvyanyy\AppData\Local\Programs\MiKTeX 2.9\tex/latex/graphics\tri
g.sty"
Package: trig 2016/01/03 v1.10 sin cos tan (DPC)
)
("C:\Users\apolyvyanyy\AppData\Local\Programs\MiKTeX 2.9\tex/latex/graphics-cfg
\graphics.cfg"
File: graphics.cfg 2016/06/04 v1.11 sample graphics configuration
)
Package graphics Info: Driver file: pdftex.def on input line 105.

("C:\Users\apolyvyanyy\AppData\Local\Programs\MiKTeX 2.9\tex/latex/graphics-def
\pdftex.def"
File: pdftex.def 2018/01/08 v1.0l Graphics/color driver for pdftex
))
\Gin@req@height=\dimen135
\Gin@req@width=\dimen136
)
("C:\Users\apolyvyanyy\AppData\Local\Programs\MiKTeX 2.9\tex/latex/graphics\col
or.sty"
Package: color 2019/11/23 v1.2a Standard LaTeX Color (DPC)

("C:\Users\apolyvyanyy\AppData\Local\Programs\MiKTeX 2.9\tex/latex/graphics-cfg
\color.cfg"
File: color.cfg 2016/01/02 v1.6 sample color configuration
)
Package color Info: Driver file: pdftex.def on input line 147.
))) (core.constants.tex
("C:\Users\apolyvyanyy\AppData\Local\Programs\MiKTeX 2.9\tex/latex/hyperref\hyp
erref.sty"
Package: hyperref 2020-05-15 v7.00e Hypertext links for LaTeX

("C:\Users\apolyvyanyy\AppData\Local\Programs\MiKTeX 2.9\tex/generic/iftex\ifte
x.sty"
Package: iftex 2020/03/06 v1.0d TeX engine tests
)
("C:\Users\apolyvyanyy\AppData\Local\Programs\MiKTeX 2.9\tex/latex/pdftexcmds\p
dftexcmds.sty"
Package: pdftexcmds 2019/11/24 v0.31 Utility functions of pdfTeX for LuaTeX (HO
)

("C:\Users\apolyvyanyy\AppData\Local\Programs\MiKTeX 2.9\tex/generic/infwarerr\
infwarerr.sty"
Package: infwarerr 2019/12/03 v1.5 Providing info/warning/error messages (HO)
)
Package pdftexcmds Info: \pdf@primitive is available.
Package pdftexcmds Info: \pdf@ifprimitive is available.
Package pdftexcmds Info: \pdfdraftmode found.
)
("C:\Users\apolyvyanyy\AppData\Local\Programs\MiKTeX 2.9\tex/generic/kvdefineke
ys\kvdefinekeys.sty"
Package: kvdefinekeys 2019-12-19 v1.6 Define keys (HO)
)
("C:\Users\apolyvyanyy\AppData\Local\Programs\MiKTeX 2.9\tex/generic/pdfescape\
pdfescape.sty"
Package: pdfescape 2019/12/09 v1.15 Implements pdfTeX's escape features (HO)
)
("C:\Users\apolyvyanyy\AppData\Local\Programs\MiKTeX 2.9\tex/latex/hycolor\hyco
lor.sty"
Package: hycolor 2020-01-27 v1.10 Color options for hyperref/bookmark (HO)
)
("C:\Users\apolyvyanyy\AppData\Local\Programs\MiKTeX 2.9\tex/latex/letltxmacro\
letltxmacro.sty"
Package: letltxmacro 2019/12/03 v1.6 Let assignment for LaTeX macros (HO)
)
("C:\Users\apolyvyanyy\AppData\Local\Programs\MiKTeX 2.9\tex/latex/auxhook\auxh
ook.sty"
Package: auxhook 2019-12-17 v1.6 Hooks for auxiliary files (HO)
)
\@linkdim=\dimen137
\Hy@linkcounter=\count175
\Hy@pagecounter=\count176

("C:\Users\apolyvyanyy\AppData\Local\Programs\MiKTeX 2.9\tex/latex/hyperref\pd1
enc.def"
File: pd1enc.def 2020-05-15 v7.00e Hyperref: PDFDocEncoding definition (HO)
Now handling font encoding PD1 ...
... no UTF-8 mapping file for font encoding PD1
)
("C:\Users\apolyvyanyy\AppData\Local\Programs\MiKTeX 2.9\tex/generic/intcalc\in
tcalc.sty"
Package: intcalc 2019/12/15 v1.3 Expandable calculations with integers (HO)
)
("C:\Users\apolyvyanyy\AppData\Local\Programs\MiKTeX 2.9\tex/generic/etexcmds\e
texcmds.sty"
Package: etexcmds 2019/12/15 v1.7 Avoid name clashes with e-TeX commands (HO)
)
\Hy@SavedSpaceFactor=\count177
Package hyperref Info: Option `colorlinks' set `false' on input line 4338.
Package hyperref Info: Hyper figures OFF on input line 4464.
Package hyperref Info: Link nesting OFF on input line 4469.
Package hyperref Info: Hyper index ON on input line 4472.
Package hyperref Info: Plain pages OFF on input line 4479.
Package hyperref Info: Backreferencing OFF on input line 4484.
Package hyperref Info: Implicit mode ON; LaTeX internals redefined.
Package hyperref Info: Bookmarks ON on input line 4717.
\c@Hy@tempcnt=\count178

("C:\Users\apolyvyanyy\AppData\Local\Programs\MiKTeX 2.9\tex/latex/url\url.sty"
\Urlmuskip=\muskip16
Package: url 2013/09/16  ver 3.4  Verb mode for urls, etc.
)
LaTeX Info: Redefining \url on input line 5076.
\XeTeXLinkMargin=\dimen138

("C:\Users\apolyvyanyy\AppData\Local\Programs\MiKTeX 2.9\tex/generic/bitset\bit
set.sty"
Package: bitset 2019/12/09 v1.3 Handle bit-vector datatype (HO)

("C:\Users\apolyvyanyy\AppData\Local\Programs\MiKTeX 2.9\tex/generic/bigintcalc
\bigintcalc.sty"
Package: bigintcalc 2019/12/15 v1.5 Expandable calculations on big integers (HO
)
))
\Fld@menulength=\count179
\Field@Width=\dimen139
\Fld@charsize=\dimen140
Package hyperref Info: Hyper figures OFF on input line 6347.
Package hyperref Info: Link nesting OFF on input line 6352.
Package hyperref Info: Hyper index ON on input line 6355.
Package hyperref Info: backreferencing OFF on input line 6362.
Package hyperref Info: Link coloring OFF on input line 6367.
Package hyperref Info: Link coloring with OCG OFF on input line 6372.
Package hyperref Info: PDF/A mode OFF on input line 6377.
LaTeX Info: Redefining \ref on input line 6417.
LaTeX Info: Redefining \pageref on input line 6421.

("C:\Users\apolyvyanyy\AppData\Local\Programs\MiKTeX 2.9\tex/generic/atbegshi\a
tbegshi.sty"
Package: atbegshi 2019/12/05 v1.19 At begin shipout hook (HO)
)
\Hy@abspage=\count180
\c@Item=\count181
\c@Hfootnote=\count182
)
Package hyperref Info: Driver (autodetected): hpdftex.

("C:\Users\apolyvyanyy\AppData\Local\Programs\MiKTeX 2.9\tex/latex/hyperref\hpd
ftex.def"
File: hpdftex.def 2020-05-15 v7.00e Hyperref driver for pdfTeX

("C:\Users\apolyvyanyy\AppData\Local\Programs\MiKTeX 2.9\tex/latex/atveryend\at
veryend.sty"
Package: atveryend 2019-12-11 v1.11 Hooks at the very end of document (HO)
Package atveryend Info: \enddocument detected (standard20110627).
)
\Fld@listcount=\count183
\c@bookmark@seq@number=\count184

("C:\Users\apolyvyanyy\AppData\Local\Programs\MiKTeX 2.9\tex/latex/rerunfileche
ck\rerunfilecheck.sty"
Package: rerunfilecheck 2019/12/05 v1.9 Rerun checks for auxiliary files (HO)

("C:\Users\apolyvyanyy\AppData\Local\Programs\MiKTeX 2.9\tex/generic/uniquecoun
ter\uniquecounter.sty"
Package: uniquecounter 2019/12/15 v1.4 Provide unlimited unique counter (HO)
)
Package uniquecounter Info: New unique counter `rerunfilecheck' on input line 2
86.
)
\Hy@SectionHShift=\skip49
)) (core.config.tex) (core.include.tex
("C:\Users\apolyvyanyy\AppData\Local\Programs\MiKTeX 2.9\tex/latex/siunitx\siun
itx.sty"
("C:\Users\apolyvyanyy\AppData\Local\Programs\MiKTeX 2.9\tex/latex/l3kernel\exp
l3.sty"
Package: expl3 2020-05-15 L3 programming layer (loader) 

("C:\Users\apolyvyanyy\AppData\Local\Programs\MiKTeX 2.9\tex/latex/l3backend\l3
backend-pdfmode.def"
File: l3backend-pdfmode.def 2020-05-05 L3 backend support: PDF mode
\l__kernel_color_stack_int=\count185
\l__pdf_internal_box=\box45
))
("C:\Users\apolyvyanyy\AppData\Local\Programs\MiKTeX 2.9\tex/latex/l3packages/x
parse\xparse.sty"
Package: xparse 2020-05-15 L3 Experimental document command parser

("C:\Users\apolyvyanyy\AppData\Local\Programs\MiKTeX 2.9\tex/latex/l3packages/x
parse\xparse-generic.tex"
\l__xparse_current_arg_int=\count186
\g__xparse_grabber_int=\count187
\l__xparse_m_args_int=\count188
\l__xparse_v_nesting_int=\count189
))
Package: siunitx 2020/02/25 v2.8b A comprehensive (SI) units package

("C:\Users\apolyvyanyy\AppData\Local\Programs\MiKTeX 2.9\tex/latex/amsmath\amst
ext.sty"
Package: amstext 2000/06/29 v2.01 AMS text

("C:\Users\apolyvyanyy\AppData\Local\Programs\MiKTeX 2.9\tex/latex/amsmath\amsg
en.sty"
File: amsgen.sty 1999/11/30 v2.0 generic functions
\@emptytoks=\toks16
\ex@=\dimen141
))
("C:\Users\apolyvyanyy\AppData\Local\Programs\MiKTeX 2.9\tex/latex/tools\array.
sty"
Package: array 2019/08/31 v2.4l Tabular extension package (FMi)
\col@sep=\dimen142
\ar@mcellbox=\box46
\extrarowheight=\dimen143
\NC@list=\toks17
\extratabsurround=\skip50
\backup@length=\skip51
\ar@cellbox=\box47
)
("C:\Users\apolyvyanyy\AppData\Local\Programs\MiKTeX 2.9\tex/latex/l3packages/l
3keys2e\l3keys2e.sty"
Package: l3keys2e 2020-05-15 LaTeX2e option processing using LaTeX3 keys
)
\l__siunitx_tmp_box=\box48
\l__siunitx_tmp_dim=\dimen144
\l__siunitx_tmp_int=\count190
\l__siunitx_number_mantissa_length_int=\count191
\l__siunitx_number_uncert_length_int=\count192
\l__siunitx_round_int=\count193
\l__siunitx_process_decimal_int=\count194
\l__siunitx_process_uncertainty_int=\count195
\l__siunitx_process_fixed_int=\count196
\l__siunitx_process_integer_min_int=\count197
\l__siunitx_process_precision_int=\count198
\l__siunitx_group_min_int=\count199
\l__siunitx_angle_marker_box=\box49
\l__siunitx_angle_unit_box=\box50
\l__siunitx_angle_marker_dim=\dimen145
\l__siunitx_angle_unit_dim=\dimen146
\l__siunitx_unit_int=\count266
\l__siunitx_unit_denominator_int=\count267
\l__siunitx_unit_numerator_int=\count268
\l__siunitx_unit_prefix_int=\count269
\l__siunitx_unit_prefix_base_int=\count270
\l__siunitx_unit_prefix_gram_int=\count271
\l__siunitx_number_product_int=\count272
\c__siunitx_one_fill_skip=\skip52
\l__siunitx_table_unit_align_skip=\skip53
\l__siunitx_table_exponent_dim=\dimen147
\l__siunitx_table_integer_dim=\dimen148
\l__siunitx_table_mantissa_dim=\dimen149
\l__siunitx_table_marker_dim=\dimen150
\l__siunitx_table_result_dim=\dimen151
\l__siunitx_table_uncert_dim=\dimen152
\l__siunitx_table_fill_pre_dim=\dimen153
\l__siunitx_table_fill_post_dim=\dimen154
\l__siunitx_table_fill_mid_dim=\dimen155
\l__siunitx_table_pre_box=\box51
\l__siunitx_table_post_box=\box52
\l__siunitx_table_mantissa_box=\box53
\l__siunitx_table_result_box=\box54
\l__siunitx_table_number_align_skip=\skip54
\l__siunitx_table_text_align_skip=\skip55

("C:\Users\apolyvyanyy\AppData\Local\Programs\MiKTeX 2.9\tex/latex/translator\t
ranslator.sty"
Package: translator 2019-05-31 v1.12a Easy translation of strings in LaTeX
))
("C:\Users\apolyvyanyy\AppData\Local\Programs\MiKTeX 2.9\tex/latex/booktabs\boo
ktabs.sty"
Package: booktabs 2020/01/12 v1.61803398 Publication quality tables
\heavyrulewidth=\dimen156
\lightrulewidth=\dimen157
\cmidrulewidth=\dimen158
\belowrulesep=\dimen159
\belowbottomsep=\dimen160
\aboverulesep=\dimen161
\abovetopsep=\dimen162
\cmidrulesep=\dimen163
\cmidrulekern=\dimen164
\defaultaddspace=\dimen165
\@cmidla=\count273
\@cmidlb=\count274
\@aboverulesep=\dimen166
\@belowrulesep=\dimen167
\@thisruleclass=\count275
\@lastruleclass=\count276
\@thisrulewidth=\dimen168
)
("C:\Users\apolyvyanyy\AppData\Local\Programs\MiKTeX 2.9\tex/latex/multirow\mul
tirow.sty"
Package: multirow 2019/05/31 v2.5 Span multiple rows of a table
\multirow@colwidth=\skip56
\multirow@cntb=\count277
\multirow@dima=\skip57
\bigstrutjot=\dimen169
)
("C:\Users\apolyvyanyy\AppData\Local\Programs\MiKTeX 2.9\tex/latex/units\nicefr
ac.sty"
Package: nicefrac 1998/08/04 v0.9b Nice fractions
\L@UnitsRaiseDisplaystyle=\skip58
\L@UnitsRaiseTextstyle=\skip59
\L@UnitsRaiseScriptstyle=\skip60

("C:\Users\apolyvyanyy\AppData\Local\Programs\MiKTeX 2.9\tex/latex/base\ifthen.
sty"
Package: ifthen 2014/09/29 v1.1c Standard LaTeX ifthen package (DPC)
))
("C:\Users\apolyvyanyy\AppData\Local\Programs\MiKTeX 2.9\tex/latex/xcolor\xcolo
r.sty"
Package: xcolor 2016/05/11 v2.12 LaTeX color extensions (UK)

("C:\Users\apolyvyanyy\AppData\Local\Programs\MiKTeX 2.9\tex/latex/graphics-cfg
\color.cfg"
File: color.cfg 2016/01/02 v1.6 sample color configuration
)
Package xcolor Info: Package option `usenames' ignored on input line 216.
Package xcolor Info: Driver file: pdftex.def on input line 225.
LaTeX Info: Redefining \color on input line 709.
Package xcolor Info: Model `cmy' substituted by `cmy0' on input line 1348.
Package xcolor Info: Model `hsb' substituted by `rgb' on input line 1352.
Package xcolor Info: Model `RGB' extended on input line 1364.
Package xcolor Info: Model `HTML' substituted by `rgb' on input line 1366.
Package xcolor Info: Model `Hsb' substituted by `hsb' on input line 1367.
Package xcolor Info: Model `tHsb' substituted by `hsb' on input line 1368.
Package xcolor Info: Model `HSB' substituted by `hsb' on input line 1369.
Package xcolor Info: Model `Gray' substituted by `gray' on input line 1370.
Package xcolor Info: Model `wave' substituted by `hsb' on input line 1371.

("C:\Users\apolyvyanyy\AppData\Local\Programs\MiKTeX 2.9\tex/latex/graphics\dvi
psnam.def"
File: dvipsnam.def 2016/06/17 v3.0m Driver-dependent file (DPC,SPQR)
))
("C:\Users\apolyvyanyy\AppData\Local\Programs\MiKTeX 2.9\tex/latex/algorithm2e\
algorithm2e.sty"
Package: algorithm2e 2017/07/18 v5.2 algorithms environments
\c@AlgoLine=\count278
\algocf@hangindent=\skip61

("C:\Users\apolyvyanyy\AppData\Local\Programs\MiKTeX 2.9\tex/latex/ifoddpage\if
oddpage.sty"
Package: ifoddpage 2016/04/23 v1.1 Conditionals for odd/even page detection
\c@checkoddpage=\count279
)
("C:\Users\apolyvyanyy\AppData\Local\Programs\MiKTeX 2.9\tex/latex/tools\xspace
.sty"
Package: xspace 2014/10/28 v1.13 Space after command names (DPC,MH)
)
("C:\Users\apolyvyanyy\AppData\Local\Programs\MiKTeX 2.9\tex/latex/relsize\rels
ize.sty"
Package: relsize 2013/03/29 ver 4.1
)
\skiptotal=\skip62
\skiplinenumber=\skip63
\skiprule=\skip64
\skiphlne=\skip65
\skiptext=\skip66
\skiplength=\skip67
\algomargin=\skip68
\skipalgocfslide=\skip69
\algowidth=\dimen170
\inoutsize=\dimen171
\inoutindent=\dimen172
\interspacetitleruled=\dimen173
\interspacealgoruled=\dimen174
\interspacetitleboxruled=\dimen175
\algocf@ruledwidth=\skip70
\algocf@inoutbox=\box55
\algocf@inputbox=\box56
\AlCapSkip=\skip71
\AlCapHSkip=\skip72
\algoskipindent=\skip73
\algocf@nlbox=\box57
\algocf@hangingbox=\box58
\algocf@untilbox=\box59
\algocf@skipuntil=\skip74
\algocf@capbox=\box60
\algocf@lcaptionbox=\skip75
\algoheightruledefault=\skip76
\algoheightrule=\skip77
\algotitleheightruledefault=\skip78
\algotitleheightrule=\skip79
\c@algocfline=\count280
\c@algocfproc=\count281
\c@algocf=\count282
\algocf@algoframe=\box61
\algocf@algobox=\box62
)
("C:\Users\apolyvyanyy\AppData\Local\Programs\MiKTeX 2.9\tex/latex/amsmath\amsm
ath.sty"
Package: amsmath 2020/01/20 v2.17e AMS math features
\@mathmargin=\skip80

For additional information on amsmath, use the `?' option.

("C:\Users\apolyvyanyy\AppData\Local\Programs\MiKTeX 2.9\tex/latex/amsmath\amsb
sy.sty"
Package: amsbsy 1999/11/29 v1.2d Bold Symbols
\pmbraise@=\dimen176
)
("C:\Users\apolyvyanyy\AppData\Local\Programs\MiKTeX 2.9\tex/latex/amsmath\amso
pn.sty"
Package: amsopn 2016/03/08 v2.02 operator names
)
\inf@bad=\count283
LaTeX Info: Redefining \frac on input line 227.
\uproot@=\count284
\leftroot@=\count285
LaTeX Info: Redefining \overline on input line 389.
\classnum@=\count286
\DOTSCASE@=\count287
LaTeX Info: Redefining \ldots on input line 486.
LaTeX Info: Redefining \dots on input line 489.
LaTeX Info: Redefining \cdots on input line 610.
\Mathstrutbox@=\box63
\strutbox@=\box64
\big@size=\dimen177
LaTeX Font Info:    Redeclaring font encoding OML on input line 733.
LaTeX Font Info:    Redeclaring font encoding OMS on input line 734.
\macc@depth=\count288
\c@MaxMatrixCols=\count289
\dotsspace@=\muskip17
\c@parentequation=\count290
\dspbrk@lvl=\count291
\tag@help=\toks18
\row@=\count292
\column@=\count293
\maxfields@=\count294
\andhelp@=\toks19
\eqnshift@=\dimen178
\alignsep@=\dimen179
\tagshift@=\dimen180
\tagwidth@=\dimen181
\totwidth@=\dimen182
\lineht@=\dimen183
\@envbody=\toks20
\multlinegap=\skip81
\multlinetaggap=\skip82
\mathdisplay@stack=\toks21
LaTeX Info: Redefining \[ on input line 2859.
LaTeX Info: Redefining \] on input line 2860.
)
("C:\Users\apolyvyanyy\AppData\Local\Programs\MiKTeX 2.9\tex/latex/amsfonts\ams
fonts.sty"
Package: amsfonts 2013/01/14 v3.01 Basic AMSFonts support
\symAMSa=\mathgroup4
\symAMSb=\mathgroup5
LaTeX Font Info:    Redeclaring math symbol \hbar on input line 98.
LaTeX Font Info:    Overwriting math alphabet `\mathfrak' in version `bold'
(Font)                  U/euf/m/n --> U/euf/b/n on input line 106.
)
("C:\Users\apolyvyanyy\AppData\Local\Programs\MiKTeX 2.9\tex/latex/mdframed\mdf
ramed.sty"
Package: mdframed 2013/07/01 1.9b: mdframed

("C:\Users\apolyvyanyy\AppData\Local\Programs\MiKTeX 2.9\tex/latex/etoolbox\eto
olbox.sty"
Package: etoolbox 2019/09/21 v2.5h e-TeX tools for LaTeX (JAW)
\etb@tempcnta=\count295
)
("C:\Users\apolyvyanyy\AppData\Local\Programs\MiKTeX 2.9\tex/latex/zref\zref-ab
spage.sty"
Package: zref-abspage 2020-05-28 v2.31 Module abspage for zref (HO)

("C:\Users\apolyvyanyy\AppData\Local\Programs\MiKTeX 2.9\tex/latex/zref\zref-ba
se.sty"
Package: zref-base 2020-05-28 v2.31 Module base for zref (HO)
Package zref Info: New property list: main on input line 763.
Package zref Info: New property: default on input line 764.
Package zref Info: New property: page on input line 765.
)
\c@abspage=\count296
Package zref Info: New property: abspage on input line 66.
)
("C:\Users\apolyvyanyy\AppData\Local\Programs\MiKTeX 2.9\tex/latex/needspace\ne
edspace.sty"
Package: needspace 2010/09/12 v1.3d reserve vertical space
)
\mdf@templength=\skip83
\c@mdf@globalstyle@cnt=\count297
\mdf@skipabove@length=\skip84
\mdf@skipbelow@length=\skip85
\mdf@leftmargin@length=\skip86
\mdf@rightmargin@length=\skip87
\mdf@innerleftmargin@length=\skip88
\mdf@innerrightmargin@length=\skip89
\mdf@innertopmargin@length=\skip90
\mdf@innerbottommargin@length=\skip91
\mdf@splittopskip@length=\skip92
\mdf@splitbottomskip@length=\skip93
\mdf@outermargin@length=\skip94
\mdf@innermargin@length=\skip95
\mdf@linewidth@length=\skip96
\mdf@innerlinewidth@length=\skip97
\mdf@middlelinewidth@length=\skip98
\mdf@outerlinewidth@length=\skip99
\mdf@roundcorner@length=\skip100
\mdf@footenotedistance@length=\skip101
\mdf@userdefinedwidth@length=\skip102
\mdf@needspace@length=\skip103
\mdf@frametitleaboveskip@length=\skip104
\mdf@frametitlebelowskip@length=\skip105
\mdf@frametitlerulewidth@length=\skip106
\mdf@frametitleleftmargin@length=\skip107
\mdf@frametitlerightmargin@length=\skip108
\mdf@shadowsize@length=\skip109
\mdf@extratopheight@length=\skip110
\mdf@subtitleabovelinewidth@length=\skip111
\mdf@subtitlebelowlinewidth@length=\skip112
\mdf@subtitleaboveskip@length=\skip113
\mdf@subtitlebelowskip@length=\skip114
\mdf@subtitleinneraboveskip@length=\skip115
\mdf@subtitleinnerbelowskip@length=\skip116
\mdf@subsubtitleabovelinewidth@length=\skip117
\mdf@subsubtitlebelowlinewidth@length=\skip118
\mdf@subsubtitleaboveskip@length=\skip119
\mdf@subsubtitlebelowskip@length=\skip120
\mdf@subsubtitleinneraboveskip@length=\skip121
\mdf@subsubtitleinnerbelowskip@length=\skip122

("C:\Users\apolyvyanyy\AppData\Local\Programs\MiKTeX 2.9\tex/latex/mdframed\md-
frame-0.mdf"
File: md-frame-0.mdf 2013/07/01\ 1.9b: md-frame-0
)
\mdf@frametitlebox=\box65
\mdf@footnotebox=\box66
\mdf@splitbox@one=\box67
\mdf@splitbox@two=\box68
\mdf@splitbox@save=\box69
\mdfsplitboxwidth=\skip123
\mdfsplitboxtotalwidth=\skip124
\mdfsplitboxheight=\skip125
\mdfsplitboxdepth=\skip126
\mdfsplitboxtotalheight=\skip127
\mdfframetitleboxwidth=\skip128
\mdfframetitleboxtotalwidth=\skip129
\mdfframetitleboxheight=\skip130
\mdfframetitleboxdepth=\skip131
\mdfframetitleboxtotalheight=\skip132
\mdffootnoteboxwidth=\skip133
\mdffootnoteboxtotalwidth=\skip134
\mdffootnoteboxheight=\skip135
\mdffootnoteboxdepth=\skip136
\mdffootnoteboxtotalheight=\skip137
\mdftotallinewidth=\skip138
\mdfboundingboxwidth=\skip139
\mdfboundingboxtotalwidth=\skip140
\mdfboundingboxheight=\skip141
\mdfboundingboxdepth=\skip142
\mdfboundingboxtotalheight=\skip143
\mdf@freevspace@length=\skip144
\mdf@horizontalwidthofbox@length=\skip145
\mdf@verticalmarginwhole@length=\skip146
\mdf@horizontalspaceofbox=\skip147
\mdfsubtitleheight=\skip148
\mdfsubsubtitleheight=\skip149
\c@mdfcountframes=\count298

****** mdframed patching \endmdf@trivlist

****** -- success******

\mdf@envdepth=\count299
\c@mdf@env@i=\count300
\c@mdf@env@ii=\count301
\c@mdf@zref@counter=\count302
Package zref Info: New property: mdf@pagevalue on input line 895.
)
("C:\Users\apolyvyanyy\AppData\Local\Programs\MiKTeX 2.9\tex/latex/paralist\par
alist.sty"
Package: paralist 2017/01/22 v2.7 Extended list environments
\pltopsep=\skip150
\plpartopsep=\skip151
\plitemsep=\skip152
\plparsep=\skip153
\pl@lab=\toks22
)
("C:\Users\apolyvyanyy\AppData\Local\Programs\MiKTeX 2.9\tex/latex/datetime\dat
etime.sty"
Package: datetime 2015/03/20 v2.60 Date Time Package

("C:\Users\apolyvyanyy\AppData\Local\Programs\MiKTeX 2.9\tex/latex/fmtcount\fmt
count.sty"
Package: fmtcount 2020/01/30 v3.07

("C:\Users\apolyvyanyy\AppData\Local\Programs\MiKTeX 2.9\tex/latex/xkeyval\xkey
val.sty"
Package: xkeyval 2014/12/03 v2.7a package option processing (HA)

("C:\Users\apolyvyanyy\AppData\Local\Programs\MiKTeX 2.9\tex/generic/xkeyval\xk
eyval.tex"
("C:\Users\apolyvyanyy\AppData\Local\Programs\MiKTeX 2.9\tex/generic/xkeyval\xk
vutils.tex"
\XKV@toks=\toks23
\XKV@tempa@toks=\toks24
)
\XKV@depth=\count303
File: xkeyval.tex 2014/12/03 v2.7a key=value parser (HA)
))
("C:\Users\apolyvyanyy\AppData\Local\Programs\MiKTeX 2.9\tex/latex/fmtcount\fcp
refix.sty"
Package: fcprefix 2012/09/28

("C:\Users\apolyvyanyy\AppData\Local\Programs\MiKTeX 2.9\tex/latex/fmtcount\fcn
umparser.sty"
Package: fcnumparser 2017/06/15
\fc@digit@counter=\count304
))
\c@padzeroesN=\count305
\fc@tmpcatcode=\count306
\@DT@modctr=\count307
\@ordinalctr=\count308
\@orgargctr=\count309
\@strctr=\count310
\@tmpstrctr=\count311
\@DT@loopN=\count312
\@DT@X=\count313
)
("C:\Users\apolyvyanyy\AppData\Local\Programs\MiKTeX 2.9\tex/latex/datetime\dat
etime-defaults.sty"
Package: datetime-defaults 2013/09/10
)
\@day=\count314
\@month=\count315
\@year=\count316
\c@HOUR=\count317
\c@HOURXII=\count318
\c@MINUTE=\count319
\c@TOHOUR=\count320
\c@TOMINUTE=\count321
\c@SECOND=\count322
\currenthour=\count323
\currentminute=\count324
\currentsecond=\count325
Package datetime Info: No datetime.cfg file found, using default settings on in
put line 308.
\@dtctr=\count326
\dayofyear=\count327
\dayofweek=\count328
LaTeX Info: Redefining \today on input line 736.
\dt@a=\toks25
\dt@b=\toks26
)
("C:\Users\apolyvyanyy\AppData\Local\Programs\MiKTeX 2.9\tex/latex/todonotes\to
donotes.sty"
Package: todonotes 2019/01/24 v1.1.2 Todonotes source and documentation.
Package: todonotes 2018/11/22

("C:\Users\apolyvyanyy\AppData\Local\Programs\MiKTeX 2.9\tex/latex/pgf/frontend
layer\tikz.sty"
("C:\Users\apolyvyanyy\AppData\Local\Programs\MiKTeX 2.9\tex/latex/pgf/basiclay
er\pgf.sty"
("C:\Users\apolyvyanyy\AppData\Local\Programs\MiKTeX 2.9\tex/latex/pgf/utilitie
s\pgfrcs.sty"
("C:\Users\apolyvyanyy\AppData\Local\Programs\MiKTeX 2.9\tex/generic/pgf/utilit
ies\pgfutil-common.tex"
\pgfutil@everybye=\toks27
\pgfutil@tempdima=\dimen184
\pgfutil@tempdimb=\dimen185

("C:\Users\apolyvyanyy\AppData\Local\Programs\MiKTeX 2.9\tex/generic/pgf/utilit
ies\pgfutil-common-lists.tex"))
("C:\Users\apolyvyanyy\AppData\Local\Programs\MiKTeX 2.9\tex/generic/pgf/utilit
ies\pgfutil-latex.def"
\pgfutil@abb=\box70

("C:\Users\apolyvyanyy\AppData\Local\Programs\MiKTeX 2.9\tex/latex/ms\everyshi.
sty"
Package: everyshi 2001/05/15 v3.00 EveryShipout Package (MS)
))
("C:\Users\apolyvyanyy\AppData\Local\Programs\MiKTeX 2.9\tex/generic/pgf/utilit
ies\pgfrcs.code.tex"
("C:\Users\apolyvyanyy\AppData\Local\Programs\MiKTeX 2.9\tex/generic/pgf\pgf.re
vision.tex")
Package: pgfrcs 2020/01/08 v3.1.5b (3.1.5b)
))
Package: pgf 2020/01/08 v3.1.5b (3.1.5b)

("C:\Users\apolyvyanyy\AppData\Local\Programs\MiKTeX 2.9\tex/latex/pgf/basiclay
er\pgfcore.sty"
("C:\Users\apolyvyanyy\AppData\Local\Programs\MiKTeX 2.9\tex/latex/pgf/systemla
yer\pgfsys.sty"
("C:\Users\apolyvyanyy\AppData\Local\Programs\MiKTeX 2.9\tex/generic/pgf/system
layer\pgfsys.code.tex"
Package: pgfsys 2020/01/08 v3.1.5b (3.1.5b)

("C:\Users\apolyvyanyy\AppData\Local\Programs\MiKTeX 2.9\tex/generic/pgf/utilit
ies\pgfkeys.code.tex"
\pgfkeys@pathtoks=\toks28
\pgfkeys@temptoks=\toks29

("C:\Users\apolyvyanyy\AppData\Local\Programs\MiKTeX 2.9\tex/generic/pgf/utilit
ies\pgfkeysfiltered.code.tex"
\pgfkeys@tmptoks=\toks30
))
\pgf@x=\dimen186
\pgf@y=\dimen187
\pgf@xa=\dimen188
\pgf@ya=\dimen189
\pgf@xb=\dimen190
\pgf@yb=\dimen191
\pgf@xc=\dimen192
\pgf@yc=\dimen193
\pgf@xd=\dimen194
\pgf@yd=\dimen195
\w@pgf@writea=\write3
\r@pgf@reada=\read2
\c@pgf@counta=\count329
\c@pgf@countb=\count330
\c@pgf@countc=\count331
\c@pgf@countd=\count332
\t@pgf@toka=\toks31
\t@pgf@tokb=\toks32
\t@pgf@tokc=\toks33
\pgf@sys@id@count=\count333

("C:\Users\apolyvyanyy\AppData\Local\Programs\MiKTeX 2.9\tex/generic/pgf/system
layer\pgf.cfg"
File: pgf.cfg 2020/01/08 v3.1.5b (3.1.5b)
)
Driver file for pgf: pgfsys-pdftex.def

("C:\Users\apolyvyanyy\AppData\Local\Programs\MiKTeX 2.9\tex/generic/pgf/system
layer\pgfsys-pdftex.def"
File: pgfsys-pdftex.def 2020/01/08 v3.1.5b (3.1.5b)

("C:\Users\apolyvyanyy\AppData\Local\Programs\MiKTeX 2.9\tex/generic/pgf/system
layer\pgfsys-common-pdf.def"
File: pgfsys-common-pdf.def 2020/01/08 v3.1.5b (3.1.5b)
)))
("C:\Users\apolyvyanyy\AppData\Local\Programs\MiKTeX 2.9\tex/generic/pgf/system
layer\pgfsyssoftpath.code.tex"
File: pgfsyssoftpath.code.tex 2020/01/08 v3.1.5b (3.1.5b)
\pgfsyssoftpath@smallbuffer@items=\count334
\pgfsyssoftpath@bigbuffer@items=\count335
)
("C:\Users\apolyvyanyy\AppData\Local\Programs\MiKTeX 2.9\tex/generic/pgf/system
layer\pgfsysprotocol.code.tex"
File: pgfsysprotocol.code.tex 2020/01/08 v3.1.5b (3.1.5b)
))
("C:\Users\apolyvyanyy\AppData\Local\Programs\MiKTeX 2.9\tex/generic/pgf/basicl
ayer\pgfcore.code.tex"
Package: pgfcore 2020/01/08 v3.1.5b (3.1.5b)

("C:\Users\apolyvyanyy\AppData\Local\Programs\MiKTeX 2.9\tex/generic/pgf/math\p
gfmath.code.tex"
("C:\Users\apolyvyanyy\AppData\Local\Programs\MiKTeX 2.9\tex/generic/pgf/math\p
gfmathcalc.code.tex"
("C:\Users\apolyvyanyy\AppData\Local\Programs\MiKTeX 2.9\tex/generic/pgf/math\p
gfmathutil.code.tex")
("C:\Users\apolyvyanyy\AppData\Local\Programs\MiKTeX 2.9\tex/generic/pgf/math\p
gfmathparser.code.tex"
\pgfmath@dimen=\dimen196
\pgfmath@count=\count336
\pgfmath@box=\box71
\pgfmath@toks=\toks34
\pgfmath@stack@operand=\toks35
\pgfmath@stack@operation=\toks36
)
("C:\Users\apolyvyanyy\AppData\Local\Programs\MiKTeX 2.9\tex/generic/pgf/math\p
gfmathfunctions.code.tex"
("C:\Users\apolyvyanyy\AppData\Local\Programs\MiKTeX 2.9\tex/generic/pgf/math\p
gfmathfunctions.basic.code.tex")
("C:\Users\apolyvyanyy\AppData\Local\Programs\MiKTeX 2.9\tex/generic/pgf/math\p
gfmathfunctions.trigonometric.code.tex")
("C:\Users\apolyvyanyy\AppData\Local\Programs\MiKTeX 2.9\tex/generic/pgf/math\p
gfmathfunctions.random.code.tex")
("C:\Users\apolyvyanyy\AppData\Local\Programs\MiKTeX 2.9\tex/generic/pgf/math\p
gfmathfunctions.comparison.code.tex")
("C:\Users\apolyvyanyy\AppData\Local\Programs\MiKTeX 2.9\tex/generic/pgf/math\p
gfmathfunctions.base.code.tex")
("C:\Users\apolyvyanyy\AppData\Local\Programs\MiKTeX 2.9\tex/generic/pgf/math\p
gfmathfunctions.round.code.tex")
("C:\Users\apolyvyanyy\AppData\Local\Programs\MiKTeX 2.9\tex/generic/pgf/math\p
gfmathfunctions.misc.code.tex")
("C:\Users\apolyvyanyy\AppData\Local\Programs\MiKTeX 2.9\tex/generic/pgf/math\p
gfmathfunctions.integerarithmetics.code.tex")))
("C:\Users\apolyvyanyy\AppData\Local\Programs\MiKTeX 2.9\tex/generic/pgf/math\p
gfmathfloat.code.tex"
\c@pgfmathroundto@lastzeros=\count337
))
("C:\Users\apolyvyanyy\AppData\Local\Programs\MiKTeX 2.9\tex/generic/pgf/math\p
gfint.code.tex")
("C:\Users\apolyvyanyy\AppData\Local\Programs\MiKTeX 2.9\tex/generic/pgf/basicl
ayer\pgfcorepoints.code.tex"
File: pgfcorepoints.code.tex 2020/01/08 v3.1.5b (3.1.5b)
\pgf@picminx=\dimen197
\pgf@picmaxx=\dimen198
\pgf@picminy=\dimen199
\pgf@picmaxy=\dimen256
\pgf@pathminx=\dimen257
\pgf@pathmaxx=\dimen258
\pgf@pathminy=\dimen259
\pgf@pathmaxy=\dimen260
\pgf@xx=\dimen261
\pgf@xy=\dimen262
\pgf@yx=\dimen263
\pgf@yy=\dimen264
\pgf@zx=\dimen265
\pgf@zy=\dimen266
)
("C:\Users\apolyvyanyy\AppData\Local\Programs\MiKTeX 2.9\tex/generic/pgf/basicl
ayer\pgfcorepathconstruct.code.tex"
File: pgfcorepathconstruct.code.tex 2020/01/08 v3.1.5b (3.1.5b)
\pgf@path@lastx=\dimen267
\pgf@path@lasty=\dimen268
)
("C:\Users\apolyvyanyy\AppData\Local\Programs\MiKTeX 2.9\tex/generic/pgf/basicl
ayer\pgfcorepathusage.code.tex"
File: pgfcorepathusage.code.tex 2020/01/08 v3.1.5b (3.1.5b)
\pgf@shorten@end@additional=\dimen269
\pgf@shorten@start@additional=\dimen270
)
("C:\Users\apolyvyanyy\AppData\Local\Programs\MiKTeX 2.9\tex/generic/pgf/basicl
ayer\pgfcorescopes.code.tex"
File: pgfcorescopes.code.tex 2020/01/08 v3.1.5b (3.1.5b)
\pgfpic=\box72
\pgf@hbox=\box73
\pgf@layerbox@main=\box74
\pgf@picture@serial@count=\count338
)
("C:\Users\apolyvyanyy\AppData\Local\Programs\MiKTeX 2.9\tex/generic/pgf/basicl
ayer\pgfcoregraphicstate.code.tex"
File: pgfcoregraphicstate.code.tex 2020/01/08 v3.1.5b (3.1.5b)
\pgflinewidth=\dimen271
)
("C:\Users\apolyvyanyy\AppData\Local\Programs\MiKTeX 2.9\tex/generic/pgf/basicl
ayer\pgfcoretransformations.code.tex"
File: pgfcoretransformations.code.tex 2020/01/08 v3.1.5b (3.1.5b)
\pgf@pt@x=\dimen272
\pgf@pt@y=\dimen273
\pgf@pt@temp=\dimen274
)
("C:\Users\apolyvyanyy\AppData\Local\Programs\MiKTeX 2.9\tex/generic/pgf/basicl
ayer\pgfcorequick.code.tex"
File: pgfcorequick.code.tex 2020/01/08 v3.1.5b (3.1.5b)
)
("C:\Users\apolyvyanyy\AppData\Local\Programs\MiKTeX 2.9\tex/generic/pgf/basicl
ayer\pgfcoreobjects.code.tex"
File: pgfcoreobjects.code.tex 2020/01/08 v3.1.5b (3.1.5b)
)
("C:\Users\apolyvyanyy\AppData\Local\Programs\MiKTeX 2.9\tex/generic/pgf/basicl
ayer\pgfcorepathprocessing.code.tex"
File: pgfcorepathprocessing.code.tex 2020/01/08 v3.1.5b (3.1.5b)
)
("C:\Users\apolyvyanyy\AppData\Local\Programs\MiKTeX 2.9\tex/generic/pgf/basicl
ayer\pgfcorearrows.code.tex"
File: pgfcorearrows.code.tex 2020/01/08 v3.1.5b (3.1.5b)
\pgfarrowsep=\dimen275
)
("C:\Users\apolyvyanyy\AppData\Local\Programs\MiKTeX 2.9\tex/generic/pgf/basicl
ayer\pgfcoreshade.code.tex"
File: pgfcoreshade.code.tex 2020/01/08 v3.1.5b (3.1.5b)
\pgf@max=\dimen276
\pgf@sys@shading@range@num=\count339
\pgf@shadingcount=\count340
)
("C:\Users\apolyvyanyy\AppData\Local\Programs\MiKTeX 2.9\tex/generic/pgf/basicl
ayer\pgfcoreimage.code.tex"
File: pgfcoreimage.code.tex 2020/01/08 v3.1.5b (3.1.5b)

("C:\Users\apolyvyanyy\AppData\Local\Programs\MiKTeX 2.9\tex/generic/pgf/basicl
ayer\pgfcoreexternal.code.tex"
File: pgfcoreexternal.code.tex 2020/01/08 v3.1.5b (3.1.5b)
\pgfexternal@startupbox=\box75
))
("C:\Users\apolyvyanyy\AppData\Local\Programs\MiKTeX 2.9\tex/generic/pgf/basicl
ayer\pgfcorelayers.code.tex"
File: pgfcorelayers.code.tex 2020/01/08 v3.1.5b (3.1.5b)
)
("C:\Users\apolyvyanyy\AppData\Local\Programs\MiKTeX 2.9\tex/generic/pgf/basicl
ayer\pgfcoretransparency.code.tex"
File: pgfcoretransparency.code.tex 2020/01/08 v3.1.5b (3.1.5b)
)
("C:\Users\apolyvyanyy\AppData\Local\Programs\MiKTeX 2.9\tex/generic/pgf/basicl
ayer\pgfcorepatterns.code.tex"
File: pgfcorepatterns.code.tex 2020/01/08 v3.1.5b (3.1.5b)
)
("C:\Users\apolyvyanyy\AppData\Local\Programs\MiKTeX 2.9\tex/generic/pgf/basicl
ayer\pgfcorerdf.code.tex"
File: pgfcorerdf.code.tex 2020/01/08 v3.1.5b (3.1.5b)
)))
("C:\Users\apolyvyanyy\AppData\Local\Programs\MiKTeX 2.9\tex/generic/pgf/module
s\pgfmoduleshapes.code.tex"
File: pgfmoduleshapes.code.tex 2020/01/08 v3.1.5b (3.1.5b)
\pgfnodeparttextbox=\box76
)
("C:\Users\apolyvyanyy\AppData\Local\Programs\MiKTeX 2.9\tex/generic/pgf/module
s\pgfmoduleplot.code.tex"
File: pgfmoduleplot.code.tex 2020/01/08 v3.1.5b (3.1.5b)
)
("C:\Users\apolyvyanyy\AppData\Local\Programs\MiKTeX 2.9\tex/latex/pgf/compatib
ility\pgfcomp-version-0-65.sty"
Package: pgfcomp-version-0-65 2020/01/08 v3.1.5b (3.1.5b)
\pgf@nodesepstart=\dimen277
\pgf@nodesepend=\dimen278
)
("C:\Users\apolyvyanyy\AppData\Local\Programs\MiKTeX 2.9\tex/latex/pgf/compatib
ility\pgfcomp-version-1-18.sty"
Package: pgfcomp-version-1-18 2020/01/08 v3.1.5b (3.1.5b)
))
("C:\Users\apolyvyanyy\AppData\Local\Programs\MiKTeX 2.9\tex/latex/pgf/utilitie
s\pgffor.sty"
("C:\Users\apolyvyanyy\AppData\Local\Programs\MiKTeX 2.9\tex/latex/pgf/utilitie
s\pgfkeys.sty"
("C:\Users\apolyvyanyy\AppData\Local\Programs\MiKTeX 2.9\tex/generic/pgf/utilit
ies\pgfkeys.code.tex"))
("C:\Users\apolyvyanyy\AppData\Local\Programs\MiKTeX 2.9\tex/latex/pgf/math\pgf
math.sty"
("C:\Users\apolyvyanyy\AppData\Local\Programs\MiKTeX 2.9\tex/generic/pgf/math\p
gfmath.code.tex"))
("C:\Users\apolyvyanyy\AppData\Local\Programs\MiKTeX 2.9\tex/generic/pgf/utilit
ies\pgffor.code.tex"
Package: pgffor 2020/01/08 v3.1.5b (3.1.5b)

("C:\Users\apolyvyanyy\AppData\Local\Programs\MiKTeX 2.9\tex/generic/pgf/math\p
gfmath.code.tex")
\pgffor@iter=\dimen279
\pgffor@skip=\dimen280
\pgffor@stack=\toks37
\pgffor@toks=\toks38
))
("C:\Users\apolyvyanyy\AppData\Local\Programs\MiKTeX 2.9\tex/generic/pgf/fronte
ndlayer/tikz\tikz.code.tex"
Package: tikz 2020/01/08 v3.1.5b (3.1.5b)

("C:\Users\apolyvyanyy\AppData\Local\Programs\MiKTeX 2.9\tex/generic/pgf/librar
ies\pgflibraryplothandlers.code.tex"
File: pgflibraryplothandlers.code.tex 2020/01/08 v3.1.5b (3.1.5b)
\pgf@plot@mark@count=\count341
\pgfplotmarksize=\dimen281
)
\tikz@lastx=\dimen282
\tikz@lasty=\dimen283
\tikz@lastxsaved=\dimen284
\tikz@lastysaved=\dimen285
\tikz@lastmovetox=\dimen286
\tikz@lastmovetoy=\dimen287
\tikzleveldistance=\dimen288
\tikzsiblingdistance=\dimen289
\tikz@figbox=\box77
\tikz@figbox@bg=\box78
\tikz@tempbox=\box79
\tikz@tempbox@bg=\box80
\tikztreelevel=\count342
\tikznumberofchildren=\count343
\tikznumberofcurrentchild=\count344
\tikz@fig@count=\count345

("C:\Users\apolyvyanyy\AppData\Local\Programs\MiKTeX 2.9\tex/generic/pgf/module
s\pgfmodulematrix.code.tex"
File: pgfmodulematrix.code.tex 2020/01/08 v3.1.5b (3.1.5b)
\pgfmatrixcurrentrow=\count346
\pgfmatrixcurrentcolumn=\count347
\pgf@matrix@numberofcolumns=\count348
)
\tikz@expandcount=\count349

("C:\Users\apolyvyanyy\AppData\Local\Programs\MiKTeX 2.9\tex/generic/pgf/fronte
ndlayer/tikz/libraries\tikzlibrarytopaths.code.tex"
File: tikzlibrarytopaths.code.tex 2020/01/08 v3.1.5b (3.1.5b)
)))
("C:\Users\apolyvyanyy\AppData\Local\Programs\MiKTeX 2.9\tex/generic/pgf/fronte
ndlayer/tikz/libraries\tikzlibrarypositioning.code.tex"
File: tikzlibrarypositioning.code.tex 2020/01/08 v3.1.5b (3.1.5b)
)
("C:\Users\apolyvyanyy\AppData\Local\Programs\MiKTeX 2.9\tex/generic/pgf/fronte
ndlayer/tikz/libraries\tikzlibraryshadows.code.tex"
File: tikzlibraryshadows.code.tex 2020/01/08 v3.1.5b (3.1.5b)

("C:\Users\apolyvyanyy\AppData\Local\Programs\MiKTeX 2.9\tex/generic/pgf/fronte
ndlayer/tikz/libraries\tikzlibraryfadings.code.tex"
File: tikzlibraryfadings.code.tex 2020/01/08 v3.1.5b (3.1.5b)

("C:\Users\apolyvyanyy\AppData\Local\Programs\MiKTeX 2.9\tex/generic/pgf/librar
ies\pgflibraryfadings.code.tex"
File: pgflibraryfadings.code.tex 2020/01/08 v3.1.5b (3.1.5b)
)))
("C:\Users\apolyvyanyy\AppData\Local\Programs\MiKTeX 2.9\tex/latex/tools\calc.s
ty"
Package: calc 2017/05/25 v4.3 Infix arithmetic (KKT,FJ)
\calc@Acount=\count350
\calc@Bcount=\count351
\calc@Adimen=\dimen290
\calc@Bdimen=\dimen291
\calc@Askip=\skip154
\calc@Bskip=\skip155
LaTeX Info: Redefining \setlength on input line 80.
LaTeX Info: Redefining \addtolength on input line 81.
\calc@Ccount=\count352
\calc@Cskip=\skip156
)
\c@@todonotes@numberoftodonotes=\count353
)
("C:\Users\apolyvyanyy\AppData\Local\Programs\MiKTeX 2.9\tex/generic/pgf/fronte
ndlayer/tikz/libraries\tikzlibraryarrows.code.tex"
File: tikzlibraryarrows.code.tex 2020/01/08 v3.1.5b (3.1.5b)

("C:\Users\apolyvyanyy\AppData\Local\Programs\MiKTeX 2.9\tex/generic/pgf/librar
ies\pgflibraryarrows.code.tex"
File: pgflibraryarrows.code.tex 2020/01/08 v3.1.5b (3.1.5b)
\arrowsize=\dimen292
))
("C:\Users\apolyvyanyy\AppData\Local\Programs\MiKTeX 2.9\tex/generic/pgf/fronte
ndlayer/tikz/libraries\tikzlibraryautomata.code.tex"
File: tikzlibraryautomata.code.tex 2020/01/08 v3.1.5b (3.1.5b)

("C:\Users\apolyvyanyy\AppData\Local\Programs\MiKTeX 2.9\tex/generic/pgf/fronte
ndlayer/tikz/libraries\tikzlibraryshapes.multipart.code.tex"
File: tikzlibraryshapes.multipart.code.tex 2020/01/08 v3.1.5b (3.1.5b)

("C:\Users\apolyvyanyy\AppData\Local\Programs\MiKTeX 2.9\tex/generic/pgf/librar
ies/shapes\pgflibraryshapes.multipart.code.tex"
File: pgflibraryshapes.multipart.code.tex 2020/01/08 v3.1.5b (3.1.5b)
\pgfnodepartlowerbox=\box81
\pgfnodeparttwobox=\box82
\pgfnodepartthreebox=\box83
\pgfnodepartfourbox=\box84
\pgfnodeparttwentybox=\box85
\pgfnodepartnineteenbox=\box86
\pgfnodeparteighteenbox=\box87
\pgfnodepartseventeenbox=\box88
\pgfnodepartsixteenbox=\box89
\pgfnodepartfifteenbox=\box90
\pgfnodepartfourteenbox=\box91
\pgfnodepartthirteenbox=\box92
\pgfnodeparttwelvebox=\box93
\pgfnodepartelevenbox=\box94
\pgfnodeparttenbox=\box95
\pgfnodepartninebox=\box96
\pgfnodeparteightbox=\box97
\pgfnodepartsevenbox=\box98
\pgfnodepartsixbox=\box99
\pgfnodepartfivebox=\box100
)))
("C:\Users\apolyvyanyy\AppData\Local\Programs\MiKTeX 2.9\tex/generic/pgf/fronte
ndlayer/tikz/libraries\tikzlibrarytrees.code.tex"
File: tikzlibrarytrees.code.tex 2020/01/08 v3.1.5b (3.1.5b)
)
("C:\Users\apolyvyanyy\AppData\Local\Programs\MiKTeX 2.9\tex/generic/pgf/fronte
ndlayer/tikz/libraries\tikzlibraryplotmarks.code.tex"
File: tikzlibraryplotmarks.code.tex 2020/01/08 v3.1.5b (3.1.5b)

("C:\Users\apolyvyanyy\AppData\Local\Programs\MiKTeX 2.9\tex/generic/pgf/librar
ies\pgflibraryplotmarks.code.tex"
File: pgflibraryplotmarks.code.tex 2020/01/08 v3.1.5b (3.1.5b)
))
("C:\Users\apolyvyanyy\AppData\Local\Programs\MiKTeX 2.9\tex/generic/pgf/fronte
ndlayer/tikz/libraries\tikzlibraryshapes.code.tex"
File: tikzlibraryshapes.code.tex 2020/01/08 v3.1.5b (3.1.5b)

("C:\Users\apolyvyanyy\AppData\Local\Programs\MiKTeX 2.9\tex/generic/pgf/fronte
ndlayer/tikz/libraries\tikzlibraryshapes.geometric.code.tex"
File: tikzlibraryshapes.geometric.code.tex 2020/01/08 v3.1.5b (3.1.5b)

("C:\Users\apolyvyanyy\AppData\Local\Programs\MiKTeX 2.9\tex/generic/pgf/librar
ies/shapes\pgflibraryshapes.geometric.code.tex"
File: pgflibraryshapes.geometric.code.tex 2020/01/08 v3.1.5b (3.1.5b)
))
("C:\Users\apolyvyanyy\AppData\Local\Programs\MiKTeX 2.9\tex/generic/pgf/fronte
ndlayer/tikz/libraries\tikzlibraryshapes.misc.code.tex"
File: tikzlibraryshapes.misc.code.tex 2020/01/08 v3.1.5b (3.1.5b)

("C:\Users\apolyvyanyy\AppData\Local\Programs\MiKTeX 2.9\tex/generic/pgf/librar
ies/shapes\pgflibraryshapes.misc.code.tex"
File: pgflibraryshapes.misc.code.tex 2020/01/08 v3.1.5b (3.1.5b)
))
("C:\Users\apolyvyanyy\AppData\Local\Programs\MiKTeX 2.9\tex/generic/pgf/fronte
ndlayer/tikz/libraries\tikzlibraryshapes.symbols.code.tex"
File: tikzlibraryshapes.symbols.code.tex 2020/01/08 v3.1.5b (3.1.5b)

("C:\Users\apolyvyanyy\AppData\Local\Programs\MiKTeX 2.9\tex/generic/pgf/librar
ies/shapes\pgflibraryshapes.symbols.code.tex"
File: pgflibraryshapes.symbols.code.tex 2020/01/08 v3.1.5b (3.1.5b)
))
("C:\Users\apolyvyanyy\AppData\Local\Programs\MiKTeX 2.9\tex/generic/pgf/fronte
ndlayer/tikz/libraries\tikzlibraryshapes.arrows.code.tex"
File: tikzlibraryshapes.arrows.code.tex 2020/01/08 v3.1.5b (3.1.5b)

("C:\Users\apolyvyanyy\AppData\Local\Programs\MiKTeX 2.9\tex/generic/pgf/librar
ies/shapes\pgflibraryshapes.arrows.code.tex"
File: pgflibraryshapes.arrows.code.tex 2020/01/08 v3.1.5b (3.1.5b)
))
("C:\Users\apolyvyanyy\AppData\Local\Programs\MiKTeX 2.9\tex/generic/pgf/fronte
ndlayer/tikz/libraries\tikzlibraryshapes.callouts.code.tex"
("C:\Users\apolyvyanyy\AppData\Local\Programs\MiKTeX 2.9\tex/generic/pgf/librar
ies/shapes\pgflibraryshapes.callouts.code.tex")))
("C:\Users\apolyvyanyy\AppData\Local\Programs\MiKTeX 2.9\tex/latex/pgfplots\pgf
plots.sty"
("C:\Users\apolyvyanyy\AppData\Local\Programs\MiKTeX 2.9\tex/generic/pgfplots\p
gfplots.revision.tex")
Package: pgfplots 2020/02/29 v1.17 Data Visualization (1.17)

("C:\Users\apolyvyanyy\AppData\Local\Programs\MiKTeX 2.9\tex/generic/pgfplots\p
gfplots.code.tex"
("C:\Users\apolyvyanyy\AppData\Local\Programs\MiKTeX 2.9\tex/generic/pgfplots\p
gfplotscore.code.tex"
\t@pgfplots@toka=\toks39
\t@pgfplots@tokb=\toks40
\t@pgfplots@tokc=\toks41
\pgfplots@tmpa=\dimen293
\c@pgfplots@coordindex=\count354
\c@pgfplots@scanlineindex=\count355

("C:\Users\apolyvyanyy\AppData\Local\Programs\MiKTeX 2.9\tex/generic/pgfplots/s
ys\pgfplotssysgeneric.code.tex"))
("C:\Users\apolyvyanyy\AppData\Local\Programs\MiKTeX 2.9\tex/generic/pgfplots/l
ibs\pgfplotslibrary.code.tex")
("C:\Users\apolyvyanyy\AppData\Local\Programs\MiKTeX 2.9\tex/generic/pgfplots/o
ldpgfcompatib\pgfplotsoldpgfsupp_loader.code.tex"
("C:\Users\apolyvyanyy\AppData\Local\Programs\MiKTeX 2.9\tex/generic/pgf/librar
ies\pgflibraryfpu.code.tex"))
("C:\Users\apolyvyanyy\AppData\Local\Programs\MiKTeX 2.9\tex/generic/pgfplots/u
til\pgfplotsutil.code.tex"
("C:\Users\apolyvyanyy\AppData\Local\Programs\MiKTeX 2.9\tex/generic/pgfplots/l
iststructure\pgfplotsliststructure.code.tex")
("C:\Users\apolyvyanyy\AppData\Local\Programs\MiKTeX 2.9\tex/generic/pgfplots/l
iststructure\pgfplotsliststructureext.code.tex")
("C:\Users\apolyvyanyy\AppData\Local\Programs\MiKTeX 2.9\tex/generic/pgfplots/l
iststructure\pgfplotsarray.code.tex"
\c@pgfplotsarray@tmp=\count356
)
("C:\Users\apolyvyanyy\AppData\Local\Programs\MiKTeX 2.9\tex/generic/pgfplots/l
iststructure\pgfplotsmatrix.code.tex")
("C:\Users\apolyvyanyy\AppData\Local\Programs\MiKTeX 2.9\tex/generic/pgfplots/n
umtable\pgfplotstableshared.code.tex"
\c@pgfplotstable@counta=\count357
\t@pgfplotstable@a=\toks42
)
("C:\Users\apolyvyanyy\AppData\Local\Programs\MiKTeX 2.9\tex/generic/pgfplots/l
iststructure\pgfplotsdeque.code.tex")
("C:\Users\apolyvyanyy\AppData\Local\Programs\MiKTeX 2.9\tex/generic/pgfplots/u
til\pgfplotsbinary.code.tex"
("C:\Users\apolyvyanyy\AppData\Local\Programs\MiKTeX 2.9\tex/generic/pgfplots/u
til\pgfplotsbinary.data.code.tex"))
("C:\Users\apolyvyanyy\AppData\Local\Programs\MiKTeX 2.9\tex/generic/pgfplots/u
til\pgfplotsutil.verb.code.tex")
("C:\Users\apolyvyanyy\AppData\Local\Programs\MiKTeX 2.9\tex/generic/pgfplots/l
ibs\pgflibrarypgfplots.surfshading.code.tex"
\c@pgfplotslibrarysurf@no=\count358

("C:\Users\apolyvyanyy\AppData\Local\Programs\MiKTeX 2.9\tex/generic/pgfplots/s
ys\pgflibrarypgfplots.surfshading.pgfsys-pdftex.def")))
("C:\Users\apolyvyanyy\AppData\Local\Programs\MiKTeX 2.9\tex/generic/pgfplots/u
til\pgfplotscolormap.code.tex"
("C:\Users\apolyvyanyy\AppData\Local\Programs\MiKTeX 2.9\tex/generic/pgfplots/u
til\pgfplotscolor.code.tex"))
("C:\Users\apolyvyanyy\AppData\Local\Programs\MiKTeX 2.9\tex/generic/pgfplots\p
gfplotsstackedplots.code.tex")
("C:\Users\apolyvyanyy\AppData\Local\Programs\MiKTeX 2.9\tex/generic/pgfplots\p
gfplotsplothandlers.code.tex"
("C:\Users\apolyvyanyy\AppData\Local\Programs\MiKTeX 2.9\tex/generic/pgfplots\p
gfplotsmeshplothandler.code.tex"
("C:\Users\apolyvyanyy\AppData\Local\Programs\MiKTeX 2.9\tex/generic/pgfplots\p
gfplotsmeshplotimage.code.tex")))
("C:\Users\apolyvyanyy\AppData\Local\Programs\MiKTeX 2.9\tex/generic/pgfplots\p
gfplots.scaling.code.tex")
("C:\Users\apolyvyanyy\AppData\Local\Programs\MiKTeX 2.9\tex/generic/pgfplots\p
gfplotscoordprocessing.code.tex")
("C:\Users\apolyvyanyy\AppData\Local\Programs\MiKTeX 2.9\tex/generic/pgfplots\p
gfplots.errorbars.code.tex")
("C:\Users\apolyvyanyy\AppData\Local\Programs\MiKTeX 2.9\tex/generic/pgfplots\p
gfplots.markers.code.tex")
("C:\Users\apolyvyanyy\AppData\Local\Programs\MiKTeX 2.9\tex/generic/pgfplots\p
gfplotsticks.code.tex")
("C:\Users\apolyvyanyy\AppData\Local\Programs\MiKTeX 2.9\tex/generic/pgfplots\p
gfplots.paths.code.tex")
("C:\Users\apolyvyanyy\AppData\Local\Programs\MiKTeX 2.9\tex/generic/pgf/fronte
ndlayer/tikz/libraries\tikzlibrarydecorations.code.tex"
("C:\Users\apolyvyanyy\AppData\Local\Programs\MiKTeX 2.9\tex/generic/pgf/module
s\pgfmoduledecorations.code.tex"
\pgfdecoratedcompleteddistance=\dimen294
\pgfdecoratedremainingdistance=\dimen295
\pgfdecoratedinputsegmentcompleteddistance=\dimen296
\pgfdecoratedinputsegmentremainingdistance=\dimen297
\pgf@decorate@distancetomove=\dimen298
\pgf@decorate@repeatstate=\count359
\pgfdecorationsegmentamplitude=\dimen299
\pgfdecorationsegmentlength=\dimen300
)
\tikz@lib@dec@box=\box101
)
("C:\Users\apolyvyanyy\AppData\Local\Programs\MiKTeX 2.9\tex/generic/pgf/fronte
ndlayer/tikz/libraries\tikzlibrarydecorations.pathmorphing.code.tex"
("C:\Users\apolyvyanyy\AppData\Local\Programs\MiKTeX 2.9\tex/generic/pgf/librar
ies/decorations\pgflibrarydecorations.pathmorphing.code.tex"))
("C:\Users\apolyvyanyy\AppData\Local\Programs\MiKTeX 2.9\tex/generic/pgf/fronte
ndlayer/tikz/libraries\tikzlibrarydecorations.pathreplacing.code.tex"
("C:\Users\apolyvyanyy\AppData\Local\Programs\MiKTeX 2.9\tex/generic/pgf/librar
ies/decorations\pgflibrarydecorations.pathreplacing.code.tex"))
\pgfplots@numplots=\count360
\pgfplots@xmin@reg=\dimen301
\pgfplots@xmax@reg=\dimen302
\pgfplots@ymin@reg=\dimen303
\pgfplots@ymax@reg=\dimen304
\pgfplots@zmin@reg=\dimen305
\pgfplots@zmax@reg=\dimen306
))
("C:\Users\apolyvyanyy\AppData\Local\Programs\MiKTeX 2.9\tex/generic/pgfplots/l
ibs\tikzlibrarypgfplots.groupplots.code.tex"
\pgfplots@group@current@plot=\count361
\pgfplots@group@current@row=\count362
\pgfplots@group@current@column=\count363

("C:\Users\apolyvyanyy\AppData\Local\Programs\MiKTeX 2.9\tex/generic/pgf/fronte
ndlayer/tikz/libraries\tikzlibrarycalc.code.tex"
File: tikzlibrarycalc.code.tex 2020/01/08 v3.1.5b (3.1.5b)
))
("C:\Users\apolyvyanyy\AppData\Local\Programs\MiKTeX 2.9\tex/latex/mathtools\ma
thtools.sty"
Package: mathtools 2020/03/24 v1.24 mathematical typesetting tools

("C:\Users\apolyvyanyy\AppData\Local\Programs\MiKTeX 2.9\tex/latex/mathtools\mh
setup.sty"
Package: mhsetup 2017/03/31 v1.3 programming setup (MH)
)
LaTeX Info: Thecontrolsequence`\('isalreadyrobust on input line 130.
LaTeX Info: Thecontrolsequence`\)'isalreadyrobust on input line 130.
LaTeX Info: Thecontrolsequence`\['isalreadyrobust on input line 130.
LaTeX Info: Thecontrolsequence`\]'isalreadyrobust on input line 130.
\g_MT_multlinerow_int=\count364
\l_MT_multwidth_dim=\dimen307
\origjot=\skip157
\l_MT_shortvdotswithinadjustabove_dim=\dimen308
\l_MT_shortvdotswithinadjustbelow_dim=\dimen309
\l_MT_above_intertext_sep=\dimen310
\l_MT_below_intertext_sep=\dimen311
\l_MT_above_shortintertext_sep=\dimen312
\l_MT_below_shortintertext_sep=\dimen313
\xmathstrut@box=\box102
\xmathstrut@dim=\dimen314
)
("C:\Users\apolyvyanyy\AppData\Local\Programs\MiKTeX 2.9\tex/latex/cleveref\cle
veref.sty"
Package: cleveref 2018/03/27 v0.21.4 Intelligent cross-referencing
Package cleveref Info: `hyperref' support loaded on input line 2370.
LaTeX Info: Redefining \cref on input line 2370.
LaTeX Info: Redefining \Cref on input line 2370.
LaTeX Info: Redefining \crefrange on input line 2370.
LaTeX Info: Redefining \Crefrange on input line 2370.
LaTeX Info: Redefining \cpageref on input line 2370.
LaTeX Info: Redefining \Cpageref on input line 2370.
LaTeX Info: Redefining \cpagerefrange on input line 2370.
LaTeX Info: Redefining \Cpagerefrange on input line 2370.
LaTeX Info: Redefining \labelcref on input line 2370.
LaTeX Info: Redefining \labelcpageref on input line 2370.
Package cleveref Info: `algorithm2e' support loaded on input line 3147.
Package cleveref Info: always capitalise cross-reference names on input line 78
25.
Package cleveref Info: include cross-reference names in hyperlinks on input lin
e 7836.
Package cleveref Info: always capitalise cross-reference names on input line 78
52.
Package cleveref Info: include cross-reference names in hyperlinks on input lin
e 7852.
)
("C:\Users\apolyvyanyy\AppData\Local\Programs\MiKTeX 2.9\tex/latex/wrapfig\wrap
fig.sty"
\wrapoverhang=\dimen315
\WF@size=\dimen316
\c@WF@wrappedlines=\count365
\WF@box=\box103
\WF@everypar=\toks43
Package: wrapfig 2003/01/31  v 3.6
)) (core.thm.env.tex
\c@mytheorem=\count366
\c@mydefinition=\count367
\c@mylemma=\count368
\c@myproposition=\count369
\c@mycorollary=\count370
\c@myexample=\count371
\c@myconjecture=\count372
\c@myremark=\count373
\c@myinvariant=\count374
)
("C:\Users\apolyvyanyy\AppData\Local\Programs\MiKTeX 2.9\tex/latex/subfig\subfi
g.sty"
Package: subfig 2005/06/28 ver: 1.3 subfig package

("C:\Users\apolyvyanyy\AppData\Local\Programs\MiKTeX 2.9\tex/latex/caption\capt
ion.sty"
Package: caption 2020/05/10 v3.4j Customizing captions (AR)

("C:\Users\apolyvyanyy\AppData\Local\Programs\MiKTeX 2.9\tex/latex/caption\capt
ion3.sty"
Package: caption3 2020/05/10 v1.11 caption3 kernel (AR)
Package caption3 Info: TeX engine: e-TeX on input line 61.
\captionmargin=\dimen317
\captionmargin@=\dimen318
\captionwidth=\dimen319
\caption@tempdima=\dimen320
\caption@indent=\dimen321
\caption@parindent=\dimen322
\caption@hangindent=\dimen323
Package caption Info: Standard document class detected.
)
\c@caption@flags=\count375
\c@continuedfloat=\count376
Package caption Info: hyperref package is loaded.
Package caption Info: wrapfig package is loaded.
)
\c@KVtest=\count377
\sf@farskip=\skip158
\sf@captopadj=\dimen324
\sf@capskip=\skip159
\sf@nearskip=\skip160
\c@subfigure=\count378
\c@subfigure@save=\count379
\c@lofdepth=\count380
\c@subtable=\count381
\c@subtable@save=\count382
\c@lotdepth=\count383
\sf@top=\skip161
\sf@bottom=\skip162
)
("C:\Users\apolyvyanyy\AppData\Local\Programs\MiKTeX 2.9\tex/latex/txfonts\txfo
nts.sty"
Package: txfonts 2008/01/22 v3.2.1
LaTeX Font Info:    Redeclaring symbol font `operators' on input line 21.
LaTeX Font Info:    Overwriting symbol font `operators' in version `normal'
(Font)                  OT1/cmr/m/n --> OT1/txr/m/n on input line 21.
LaTeX Font Info:    Overwriting symbol font `operators' in version `bold'
(Font)                  OT1/cmr/bx/n --> OT1/txr/m/n on input line 21.
LaTeX Font Info:    Overwriting symbol font `operators' in version `bold'
(Font)                  OT1/txr/m/n --> OT1/txr/bx/n on input line 22.
\symitalic=\mathgroup6
LaTeX Font Info:    Overwriting symbol font `italic' in version `bold'
(Font)                  OT1/txr/m/it --> OT1/txr/bx/it on input line 26.
LaTeX Font Info:    Redeclaring math alphabet \mathbf on input line 29.
LaTeX Font Info:    Overwriting math alphabet `\mathbf' in version `normal'
(Font)                  OT1/cmr/bx/n --> OT1/txr/bx/n on input line 29.
LaTeX Font Info:    Overwriting math alphabet `\mathbf' in version `bold'
(Font)                  OT1/cmr/bx/n --> OT1/txr/bx/n on input line 29.
LaTeX Font Info:    Redeclaring math alphabet \mathit on input line 30.
LaTeX Font Info:    Overwriting math alphabet `\mathit' in version `normal'
(Font)                  OT1/cmr/m/it --> OT1/txr/m/it on input line 30.
LaTeX Font Info:    Overwriting math alphabet `\mathit' in version `bold'
(Font)                  OT1/cmr/bx/it --> OT1/txr/m/it on input line 30.
LaTeX Font Info:    Overwriting math alphabet `\mathit' in version `bold'
(Font)                  OT1/txr/m/it --> OT1/txr/bx/it on input line 31.
LaTeX Font Info:    Redeclaring math alphabet \mathsf on input line 40.
LaTeX Font Info:    Overwriting math alphabet `\mathsf' in version `normal'
(Font)                  OT1/cmss/m/n --> OT1/txss/m/n on input line 40.
LaTeX Font Info:    Overwriting math alphabet `\mathsf' in version `bold'
(Font)                  OT1/cmss/bx/n --> OT1/txss/m/n on input line 40.
LaTeX Font Info:    Overwriting math alphabet `\mathsf' in version `bold'
(Font)                  OT1/txss/m/n --> OT1/txss/b/n on input line 41.
LaTeX Font Info:    Redeclaring math alphabet \mathtt on input line 50.
LaTeX Font Info:    Overwriting math alphabet `\mathtt' in version `normal'
(Font)                  OT1/cmtt/m/n --> OT1/txtt/m/n on input line 50.
LaTeX Font Info:    Overwriting math alphabet `\mathtt' in version `bold'
(Font)                  OT1/cmtt/m/n --> OT1/txtt/m/n on input line 50.
LaTeX Font Info:    Overwriting math alphabet `\mathtt' in version `bold'
(Font)                  OT1/txtt/m/n --> OT1/txtt/b/n on input line 51.
LaTeX Font Info:    Redeclaring symbol font `letters' on input line 58.
LaTeX Font Info:    Overwriting symbol font `letters' in version `normal'
(Font)                  OML/cmm/m/it --> OML/txmi/m/it on input line 58.
LaTeX Font Info:    Overwriting symbol font `letters' in version `bold'
(Font)                  OML/cmm/b/it --> OML/txmi/m/it on input line 58.
LaTeX Font Info:    Overwriting symbol font `letters' in version `bold'
(Font)                  OML/txmi/m/it --> OML/txmi/bx/it on input line 59.
\symlettersA=\mathgroup7
LaTeX Font Info:    Overwriting symbol font `lettersA' in version `bold'
(Font)                  U/txmia/m/it --> U/txmia/bx/it on input line 67.
LaTeX Font Info:    Redeclaring math alphabet \mathfrak on input line 70.
LaTeX Font Info:    Redeclaring symbol font `symbols' on input line 77.
LaTeX Font Info:    Overwriting symbol font `symbols' in version `normal'
(Font)                  OMS/cmsy/m/n --> OMS/txsy/m/n on input line 77.
LaTeX Font Info:    Overwriting symbol font `symbols' in version `bold'
(Font)                  OMS/cmsy/b/n --> OMS/txsy/m/n on input line 77.
LaTeX Font Info:    Overwriting symbol font `symbols' in version `bold'
(Font)                  OMS/txsy/m/n --> OMS/txsy/bx/n on input line 78.
LaTeX Font Info:    Redeclaring symbol font `AMSa' on input line 93.
LaTeX Font Info:    Overwriting symbol font `AMSa' in version `normal'
(Font)                  U/msa/m/n --> U/txsya/m/n on input line 93.
LaTeX Font Info:    Overwriting symbol font `AMSa' in version `bold'
(Font)                  U/msa/m/n --> U/txsya/m/n on input line 93.
LaTeX Font Info:    Overwriting symbol font `AMSa' in version `bold'
(Font)                  U/txsya/m/n --> U/txsya/bx/n on input line 94.
LaTeX Font Info:    Redeclaring symbol font `AMSb' on input line 102.
LaTeX Font Info:    Overwriting symbol font `AMSb' in version `normal'
(Font)                  U/msb/m/n --> U/txsyb/m/n on input line 102.
LaTeX Font Info:    Overwriting symbol font `AMSb' in version `bold'
(Font)                  U/msb/m/n --> U/txsyb/m/n on input line 102.
LaTeX Font Info:    Overwriting symbol font `AMSb' in version `bold'
(Font)                  U/txsyb/m/n --> U/txsyb/bx/n on input line 103.
\symsymbolsC=\mathgroup8
LaTeX Font Info:    Overwriting symbol font `symbolsC' in version `bold'
(Font)                  U/txsyc/m/n --> U/txsyc/bx/n on input line 113.
LaTeX Font Info:    Redeclaring symbol font `largesymbols' on input line 120.
LaTeX Font Info:    Overwriting symbol font `largesymbols' in version `normal'
(Font)                  OMX/cmex/m/n --> OMX/txex/m/n on input line 120.
LaTeX Font Info:    Overwriting symbol font `largesymbols' in version `bold'
(Font)                  OMX/cmex/m/n --> OMX/txex/m/n on input line 120.
LaTeX Font Info:    Overwriting symbol font `largesymbols' in version `bold'
(Font)                  OMX/txex/m/n --> OMX/txex/bx/n on input line 121.
\symlargesymbolsA=\mathgroup9
LaTeX Font Info:    Overwriting symbol font `largesymbolsA' in version `bold'
(Font)                  U/txexa/m/n --> U/txexa/bx/n on input line 129.
LaTeX Font Info:    Redeclaring math symbol \mathsterling on input line 164.
LaTeX Info: Redefining \not on input line 1043.
)
("C:\Users\apolyvyanyy\AppData\Local\Programs\MiKTeX 2.9\tex/latex/lipsum\lipsu
m.sty"
Package: lipsum 2019/01/02 v2.2 150 paragraphs of Lorem Ipsum dummy text

("C:\Users\apolyvyanyy\AppData\Local\Programs\MiKTeX 2.9\tex/latex/lipsum\lipsu
m.ltd.tex"
File: lipsum.ltd.tex 2019/01/02 v2.2 The Lorem ipsum dummy text
))
("C:\Users\apolyvyanyy\AppData\Local\Programs\MiKTeX 2.9\tex/latex/adjustbox\ad
justbox.sty"
Package: adjustbox 2019/01/04 v1.2 Adjusting TeX boxes (trim, clip, ...)

("C:\Users\apolyvyanyy\AppData\Local\Programs\MiKTeX 2.9\tex/latex/adjustbox\ad
jcalc.sty"
Package: adjcalc 2012/05/16 v1.1 Provides advanced setlength with multiple back
-ends (calc, etex, pgfmath)
)
("C:\Users\apolyvyanyy\AppData\Local\Programs\MiKTeX 2.9\tex/latex/adjustbox\tr
imclip.sty"
Package: trimclip 2018/04/08 v1.1 Trim and clip general TeX material

("C:\Users\apolyvyanyy\AppData\Local\Programs\MiKTeX 2.9\tex/latex/collectbox\c
ollectbox.sty"
Package: collectbox 2012/05/17 v0.4b Collect macro arguments as boxes
\collectedbox=\box104
)
\tc@llx=\dimen325
\tc@lly=\dimen326
\tc@urx=\dimen327
\tc@ury=\dimen328
Package trimclip Info: Using driver 'tc-pdftex.def'.

("C:\Users\apolyvyanyy\AppData\Local\Programs\MiKTeX 2.9\tex/latex/adjustbox\tc
-pdftex.def"
File: tc-pdftex.def 2019/01/04 v2.2 Clipping driver for pdftex
))
\adjbox@Width=\dimen329
\adjbox@Height=\dimen330
\adjbox@Depth=\dimen331
\adjbox@Totalheight=\dimen332
\adjbox@pwidth=\dimen333
\adjbox@pheight=\dimen334
\adjbox@pdepth=\dimen335
\adjbox@ptotalheight=\dimen336

("C:\Users\apolyvyanyy\AppData\Local\Programs\MiKTeX 2.9\tex/latex/varwidth\var
width.sty"
Package: varwidth 2009/03/30 ver 0.92;  Variable-width minipages
\@vwid@box=\box105
\sift@deathcycles=\count384
\@vwid@loff=\dimen337
\@vwid@roff=\dimen338
)) (main.reuse.aux)
\openout1 = `main.reuse.aux'.

LaTeX Font Info:    Checking defaults for OML/txmi/m/it on input line 27.
LaTeX Font Info:    Trying to load font information for OML+txmi on input line 
27.

("C:\Users\apolyvyanyy\AppData\Local\Programs\MiKTeX 2.9\tex/latex/txfonts\omlt
xmi.fd"
File: omltxmi.fd 2000/12/15 v3.1
)
LaTeX Font Info:    ... okay on input line 27.
LaTeX Font Info:    Checking defaults for OMS/txsy/m/n on input line 27.
LaTeX Font Info:    Trying to load font information for OMS+txsy on input line 
27.

("C:\Users\apolyvyanyy\AppData\Local\Programs\MiKTeX 2.9\tex/latex/txfonts\omst
xsy.fd"
File: omstxsy.fd 2000/12/15 v3.1
)
LaTeX Font Info:    ... okay on input line 27.
LaTeX Font Info:    Checking defaults for OT1/cmr/m/n on input line 27.
LaTeX Font Info:    ... okay on input line 27.
LaTeX Font Info:    Checking defaults for T1/cmr/m/n on input line 27.
LaTeX Font Info:    ... okay on input line 27.
LaTeX Font Info:    Checking defaults for TS1/cmr/m/n on input line 27.
LaTeX Font Info:    ... okay on input line 27.
LaTeX Font Info:    Checking defaults for OMX/txex/m/n on input line 27.
LaTeX Font Info:    Trying to load font information for OMX+txex on input line 
27.

("C:\Users\apolyvyanyy\AppData\Local\Programs\MiKTeX 2.9\tex/latex/txfonts\omxt
xex.fd"
File: omxtxex.fd 2000/12/15 v3.1
)
LaTeX Font Info:    ... okay on input line 27.
LaTeX Font Info:    Checking defaults for U/txexa/m/n on input line 27.
LaTeX Font Info:    Trying to load font information for U+txexa on input line 2
7.

("C:\Users\apolyvyanyy\AppData\Local\Programs\MiKTeX 2.9\tex/latex/txfonts\utxe
xa.fd"
File: utxexa.fd 2000/12/15 v3.1
)
LaTeX Font Info:    ... okay on input line 27.
LaTeX Font Info:    Checking defaults for PD1/pdf/m/n on input line 27.
LaTeX Font Info:    ... okay on input line 27.
LaTeX Font Info:    Trying to load font information for OT1+txr on input line 2
7.

("C:\Users\apolyvyanyy\AppData\Local\Programs\MiKTeX 2.9\tex/latex/txfonts\ot1t
xr.fd"
File: ot1txr.fd 2000/12/15 v3.1
)
("C:\Users\apolyvyanyy\AppData\Local\Programs\MiKTeX 2.9\tex/context/base/mkii\
supp-pdf.mkii"
[Loading MPS to PDF converter (version 2006.09.02).]
\scratchcounter=\count385
\scratchdimen=\dimen339
\scratchbox=\box106
\nofMPsegments=\count386
\nofMParguments=\count387
\everyMPshowfont=\toks44
\MPscratchCnt=\count388
\MPscratchDim=\dimen340
\MPnumerator=\count389
\makeMPintoPDFobject=\count390
\everyMPtoPDFconversion=\toks45
)
("C:\Users\apolyvyanyy\AppData\Local\Programs\MiKTeX 2.9\tex/latex/epstopdf-pkg
\epstopdf-base.sty"
Package: epstopdf-base 2020-01-24 v2.11 Base part for package epstopdf
Package epstopdf-base Info: Redefining graphics rule for `.eps' on input line 4
85.
)
\AtBeginShipoutBox=\box107
Package hyperref Info: Link coloring OFF on input line 27.

("C:\Users\apolyvyanyy\AppData\Local\Programs\MiKTeX 2.9\tex/latex/hyperref\nam
eref.sty"
Package: nameref 2019/09/16 v2.46 Cross-referencing by name of section

("C:\Users\apolyvyanyy\AppData\Local\Programs\MiKTeX 2.9\tex/latex/refcount\ref
count.sty"
Package: refcount 2019/12/15 v3.6 Data extraction from label references (HO)
)
("C:\Users\apolyvyanyy\AppData\Local\Programs\MiKTeX 2.9\tex/generic/gettitlest
ring\gettitlestring.sty"
Package: gettitlestring 2019/12/15 v1.6 Cleanup title references (HO)
)
\c@section@level=\count391
)
LaTeX Info: Redefining \ref on input line 27.
LaTeX Info: Redefining \pageref on input line 27.
LaTeX Info: Redefining \nameref on input line 27.
 (main.reuse.out) (main.reuse.out)
\@outlinefile=\write4
\openout4 = `main.reuse.out'.


("C:\Users\apolyvyanyy\AppData\Local\Programs\MiKTeX 2.9\tex/latex/translator\t
ranslator-basic-dictionary-English.dict"
Dictionary: translator-basic-dictionary, Language: English 
)
("C:\Users\apolyvyanyy\AppData\Local\Programs\MiKTeX 2.9\tex/latex/siunitx\siun
itx-abbreviations.cfg"
File: siunitx-abbreviations.cfg 2017/11/26 v2.7k siunitx: Abbreviated units
)
("C:\Users\apolyvyanyy\AppData\Local\Programs\MiKTeX 2.9\tex/latex/fmtcount\fc-
english.def"
File: fc-english.def 2016/01/12
) ABD: EveryShipout initializing macros

Package pgfplots Warning: running in backwards compatibility mode (unsuitable t
ick labels; missing features). Consider writing \pgfplotsset{compat=1.17} into 
your preamble.
 on input line 27.

Package caption Info: Begin \AtBeginDocument code.
Package caption Info: subfig package v1.3 is loaded.
Package caption Info: End \AtBeginDocument code.
LaTeX Font Info:    Trying to load font information for U+txsya on input line 2
7.

("C:\Users\apolyvyanyy\AppData\Local\Programs\MiKTeX 2.9\tex/latex/txfonts\utxs
ya.fd"
File: utxsya.fd 2000/12/15 v3.1
)
LaTeX Font Info:    Trying to load font information for U+txsyb on input line 2
7.

("C:\Users\apolyvyanyy\AppData\Local\Programs\MiKTeX 2.9\tex/latex/txfonts\utxs
yb.fd"
File: utxsyb.fd 2000/12/15 v3.1
)
LaTeX Font Info:    Trying to load font information for U+txmia on input line 2
7.

("C:\Users\apolyvyanyy\AppData\Local\Programs\MiKTeX 2.9\tex/latex/txfonts\utxm
ia.fd"
File: utxmia.fd 2000/12/15 v3.1
)
LaTeX Font Info:    Trying to load font information for U+txsyc on input line 2
7.

("C:\Users\apolyvyanyy\AppData\Local\Programs\MiKTeX 2.9\tex/latex/txfonts\utxs
yc.fd"
File: utxsyc.fd 2000/12/15 v3.1
)
LaTeX Font Info:    Trying to load font information for OT1+txss on input line 
27.

("C:\Users\apolyvyanyy\AppData\Local\Programs\MiKTeX 2.9\tex/latex/txfonts\ot1t
xss.fd"
File: ot1txss.fd 2000/12/15 v3.1
)
LaTeX Font Info:    Font shape `OT1/txss/m/n' will be
(Font)              scaled to size 9.49997pt on input line 27.
LaTeX Font Info:    Font shape `OT1/txss/m/n' will be
(Font)              scaled to size 6.64998pt on input line 27.
LaTeX Font Info:    Font shape `OT1/txss/m/n' will be
(Font)              scaled to size 4.74998pt on input line 27.
LaTeX Font Info:    Trying to load font information for OT1+txtt on input line 
27.

("C:\Users\apolyvyanyy\AppData\Local\Programs\MiKTeX 2.9\tex/latex/txfonts\ot1t
xtt.fd"
File: ot1txtt.fd 2000/12/15 v3.1
) (core.frontmatter.tex
LaTeX Font Info:    Font shape `OT1/txss/m/n' will be
(Font)              scaled to size 11.39996pt on input line 77.
LaTeX Font Info:    Font shape `OT1/txss/m/n' will be
(Font)              scaled to size 7.59998pt on input line 77.
LaTeX Font Info:    Font shape `OT1/txss/m/n' will be
(Font)              scaled to size 5.69998pt on input line 77.
LaTeX Font Info:    Font shape `OT1/txr/b/n' in size <9> not available
(Font)              Font shape `OT1/txr/bx/n' tried instead on input line 77.
 (abstract.tex))
Package hyperref Info: bookmark level for unknown todo defaults to 0 on input l
ine 33.
LaTeX Font Info:    Font shape `OT1/txr/b/n' in size <14.4> not available
(Font)              Font shape `OT1/txr/bx/n' tried instead on input line 41.
 [1{C:/Users/apolyvyanyy/AppData/Local/MiKTeX/2.9/pdftex/config/pdftex.map}

] (main.reuse.bbl) [2]
(main.reuse.tdo)
\tf@tdo=\write5
\openout5 = `main.reuse.tdo'.

 [3]
Package atveryend Info: Empty hook `BeforeClearDocument' on input line 100.
Package atveryend Info: Empty hook `AfterLastShipout' on input line 100.
 (main.reuse.aux)
Package atveryend Info: Executing hook `AtVeryEndDocument' on input line 100.
Package atveryend Info: Executing hook `AtEndAfterFileList' on input line 100.


Package rerunfilecheck Warning: File `main.reuse.out' has changed.
(rerunfilecheck)                Rerun to get outlines right
(rerunfilecheck)                or use package `bookmark'.

Package rerunfilecheck Info: Checksums for `main.reuse.out':
(rerunfilecheck)             Before: 9295DFBF3FE99404104926693923F35F;419
(rerunfilecheck)             After:  CEAE5D24884263F2573C75AAB7A066EB;373.

LaTeX Warning: Label(s) may have changed. Rerun to get cross-references right.

Package atveryend Info: Empty hook `AtVeryVeryEnd' on input line 100.
 ) 
Here is how much of TeX's memory you used:
 41112 strings out of 480799
 989960 string characters out of 2892983
 1483220 words of memory out of 3000000
 56319 multiletter control sequences out of 15000+200000
 573044 words of font info for 120 fonts, out of 3000000 for 9000
 1141 hyphenation exceptions out of 8191
 71i,7n,102p,1113b,875s stack positions out of 5000i,500n,10000p,200000b,50000s
{C:/Users/apolyvyanyy/AppData/Local/Programs/MiKTeX 2.9/fonts/enc/dvips/base/
8r.enc}<C:/Users/apolyvyanyy/AppData/Local/Programs/MiKTeX 2.9/fonts/type1/publ
ic/txfonts/rtxr.pfb><C:/Users/apolyvyanyy/AppData/Local/Programs/MiKTeX 2.9/fon
ts/type1/public/txfonts/txtt.pfb><C:/Users/apolyvyanyy/AppData/Local/Programs/M
iKTeX 2.9/fonts/type1/urw/times/utmb8a.pfb><C:/Users/apolyvyanyy/AppData/Local/
Programs/MiKTeX 2.9/fonts/type1/urw/times/utmr8a.pfb><C:/Users/apolyvyanyy/AppD
ata/Local/Programs/MiKTeX 2.9/fonts/type1/urw/times/utmri8a.pfb>
Output written on main.reuse.pdf (3 pages, 67210 bytes).
PDF statistics:
 115 PDF objects out of 1000 (max. 8388607)
 17 named destinations out of 1000 (max. 500000)
 181 words of extra memory for PDF output out of 10000 (max. 10000000)

